# JRE version: Java(TM) SE Runtime Environment (17.0.5+9) (build 17.0.5+9-LTS-191)
# Java VM: Java HotSpot(TM) 64-Bit Server VM (17.0.5+9-LTS-191, mixed mode, emulated-client, sharing, tiered, compressed oops, compressed class ptrs, g1 gc, windows-amd64)
GC Precious Log:
 CPUs: 4 total, 4 available
 Memory: 16383M
 Large Page Support: Disabled
 NUMA Support: Disabled
 Compressed Oops: Enabled (Zero based)
 Heap Region Size: 2M
 Heap Min Capacity: 8M
 Heap Initial Capacity: 256M
 Heap Max Capacity: 4G
 Pre-touch: Disabled
 Parallel Workers: 4
 Concurrent Workers: 1
 Concurrent Refinement Workers: 4
 Periodic GC: Disabled
Heap:
 garbage-first heap   total 153600K, used 142192K [0x0000000700000000, 0x0000000800000000)
  region size 2048K, 2 young (4096K), 1 survivors (2048K)
 Metaspace       used 49546K, committed 50240K, reserved 1097728K
  class space    used 7016K, committed 7360K, reserved 1048576K
GC Heap History (20 events):
Event: 415.174 GC heap before
{Heap before GC invocations=16 (full 1):
 garbage-first heap   total 102400K, used 51373K [0x0000000700000000, 0x0000000800000000)
  region size 2048K, 10 young (20480K), 2 survivors (4096K)
 Metaspace       used 48429K, committed 49088K, reserved 1097728K
  class space    used 6886K, committed 7232K, reserved 1048576K
}
Event: 415.230 GC heap after
{Heap after GC invocations=17 (full 2):
 garbage-first heap   total 102400K, used 34388K [0x0000000700000000, 0x0000000800000000)
  region size 2048K, 0 young (0K), 0 survivors (0K)
 Metaspace       used 48367K, committed 49088K, reserved 1097728K
  class space    used 6871K, committed 7232K, reserved 1048576K
}
Event: 415.725 GC heap before
{Heap before GC invocations=17 (full 2):
 garbage-first heap   total 102400K, used 75348K [0x0000000700000000, 0x0000000800000000)
  region size 2048K, 20 young (40960K), 0 survivors (0K)
 Metaspace       used 48403K, committed 49088K, reserved 1097728K
  class space    used 6877K, committed 7232K, reserved 1048576K
}
Event: 415.728 GC heap after
{Heap after GC invocations=18 (full 2):
 garbage-first heap   total 102400K, used 37724K [0x0000000700000000, 0x0000000800000000)
  region size 2048K, 2 young (4096K), 2 survivors (4096K)
 Metaspace       used 48403K, committed 49088K, reserved 1097728K
  class space    used 6877K, committed 7232K, reserved 1048576K
}
Event: 416.132 GC heap before
{Heap before GC invocations=18 (full 2):
 garbage-first heap   total 102400K, used 74588K [0x0000000700000000, 0x0000000800000000)
  region size 2048K, 20 young (40960K), 2 survivors (4096K)
 Metaspace       used 48651K, committed 49280K, reserved 1097728K
  class space    used 6900K, committed 7232K, reserved 1048576K
}
Event: 416.139 GC heap after
{Heap after GC invocations=19 (full 2):
 garbage-first heap   total 102400K, used 39423K [0x0000000700000000, 0x0000000800000000)
  region size 2048K, 3 young (6144K), 3 survivors (6144K)
 Metaspace       used 48651K, committed 49280K, reserved 1097728K
  class space    used 6900K, committed 7232K, reserved 1048576K
}
Event: 426.116 GC heap before
{Heap before GC invocations=19 (full 2):
 garbage-first heap   total 102400K, used 74239K [0x0000000700000000, 0x0000000800000000)
  region size 2048K, 21 young (43008K), 3 survivors (6144K)
 Metaspace       used 48690K, committed 49280K, reserved 1097728K
  class space    used 6906K, committed 7232K, reserved 1048576K
}
Event: 426.122 GC heap after
{Heap after GC invocations=20 (full 2):
 garbage-first heap   total 122880K, used 41293K [0x0000000700000000, 0x0000000800000000)
  region size 2048K, 3 young (6144K), 3 survivors (6144K)
 Metaspace       used 48690K, committed 49280K, reserved 1097728K
  class space    used 6906K, committed 7232K, reserved 1048576K
}
Event: 458.796 GC heap before
{Heap before GC invocations=20 (full 2):
 garbage-first heap   total 122880K, used 47437K [0x0000000700000000, 0x0000000800000000)
  region size 2048K, 7 young (14336K), 3 survivors (6144K)
 Metaspace       used 48802K, committed 49408K, reserved 1097728K
  class space    used 6929K, committed 7232K, reserved 1048576K
}
Event: 458.854 GC heap after
{Heap after GC invocations=21 (full 3):
 garbage-first heap   total 122880K, used 37430K [0x0000000700000000, 0x0000000800000000)
  region size 2048K, 0 young (0K), 0 survivors (0K)
 Metaspace       used 48778K, committed 49408K, reserved 1097728K
  class space    used 6925K, committed 7232K, reserved 1048576K
}
Event: 459.486 GC heap before
{Heap before GC invocations=21 (full 3):
 garbage-first heap   total 122880K, used 90678K [0x0000000700000000, 0x0000000800000000)
  region size 2048K, 27 young (55296K), 0 survivors (0K)
 Metaspace       used 48874K, committed 49472K, reserved 1097728K
  class space    used 6938K, committed 7232K, reserved 1048576K
}
Event: 459.493 GC heap after
{Heap after GC invocations=22 (full 3):
 garbage-first heap   total 122880K, used 41379K [0x0000000700000000, 0x0000000800000000)
  region size 2048K, 2 young (4096K), 2 survivors (4096K)
 Metaspace       used 48874K, committed 49472K, reserved 1097728K
  class space    used 6938K, committed 7232K, reserved 1048576K
}
Event: 460.080 GC heap before
{Heap before GC invocations=22 (full 3):
 garbage-first heap   total 122880K, used 94627K [0x0000000700000000, 0x0000000800000000)
  region size 2048K, 28 young (57344K), 2 survivors (4096K)
 Metaspace       used 49085K, committed 49664K, reserved 1097728K
  class space    used 6957K, committed 7232K, reserved 1048576K
}
Event: 460.086 GC heap after
{Heap after GC invocations=23 (full 3):
 garbage-first heap   total 122880K, used 43963K [0x0000000700000000, 0x0000000800000000)
  region size 2048K, 4 young (8192K), 4 survivors (8192K)
 Metaspace       used 49085K, committed 49664K, reserved 1097728K
  class space    used 6957K, committed 7232K, reserved 1048576K
}
Event: 948.720 GC heap before
{Heap before GC invocations=23 (full 3):
 garbage-first heap   total 122880K, used 91067K [0x0000000700000000, 0x0000000800000000)
  region size 2048K, 28 young (57344K), 4 survivors (8192K)
 Metaspace       used 49258K, committed 49856K, reserved 1097728K
  class space    used 6984K, committed 7296K, reserved 1048576K
}
Event: 948.725 GC heap after
{Heap after GC invocations=24 (full 3):
 garbage-first heap   total 122880K, used 43568K [0x0000000700000000, 0x0000000800000000)
  region size 2048K, 2 young (4096K), 2 survivors (4096K)
 Metaspace       used 49258K, committed 49856K, reserved 1097728K
  class space    used 6984K, committed 7296K, reserved 1048576K
}
Event: 1116.494 GC heap before
{Heap before GC invocations=24 (full 3):
 garbage-first heap   total 122880K, used 96816K [0x0000000700000000, 0x0000000800000000)
  region size 2048K, 27 young (55296K), 2 survivors (4096K)
 Metaspace       used 49599K, committed 50240K, reserved 1097728K
  class space    used 7026K, committed 7360K, reserved 1048576K
}
Event: 1116.502 GC heap after
{Heap after GC invocations=25 (full 3):
 garbage-first heap   total 122880K, used 49208K [0x0000000700000000, 0x0000000800000000)
  region size 2048K, 4 young (8192K), 4 survivors (8192K)
 Metaspace       used 49599K, committed 50240K, reserved 1097728K
  class space    used 7026K, committed 7360K, reserved 1048576K
}
Event: 1131.792 GC heap before
{Heap before GC invocations=25 (full 3):
 garbage-first heap   total 122880K, used 61496K [0x0000000700000000, 0x0000000800000000)
  region size 2048K, 8 young (16384K), 4 survivors (8192K)
 Metaspace       used 49608K, committed 50240K, reserved 1097728K
  class space    used 7028K, committed 7360K, reserved 1048576K
}
Event: 1131.799 GC heap after
{Heap after GC invocations=26 (full 3):
 garbage-first heap   total 122880K, used 58224K [0x0000000700000000, 0x0000000800000000)
  region size 2048K, 1 young (2048K), 1 survivors (2048K)
 Metaspace       used 49608K, committed 50240K, reserved 1097728K
  class space    used 7028K, committed 7360K, reserved 1048576K
}

